<?xml version="1.0" encoding="UTF-8"?>
<!-- Generated by org.testng.reporters.JUnitReportReporter -->
<testsuite skipped="0" hostname="LAPTOP-7HUNRUID" name="co.uk.barclays.testsuite.HomePageTest" tests="2" failures="0" timestamp="2020-04-19T15:47:39 BST" time="39.508" errors="0">
  <testcase name="verifyThatLoginLinkDisplayedOnHomepage" time="19.132" classname="co.uk.barclays.testsuite.HomePageTest"/>
  <system-out>
Displaying Login  Link [[ChromeDriver: chrome on WINDOWS (e0fb5e40b6a1b51590a3f396ed01bc32)] -> link text: Log In]<br> Displaying Login  Link [[ChromeDriver: chrome on WINDOWS (e0fb5e40b6a1b51590a3f396ed01bc32)] -> link text: Log In]<br>  </system-out>
  <testcase name="verifyThatRegisterLinkIsDisplayedOnHomepage" time="20.376" classname="co.uk.barclays.testsuite.HomePageTest"/>
  <system-out>
Displaying Register  Link [[ChromeDriver: chrome on WINDOWS (a1377e8787635063db6afb9f2a3d1e98)] -> link text: Register]<br> Displaying Register  Link [[ChromeDriver: chrome on WINDOWS (a1377e8787635063db6afb9f2a3d1e98)] -> link text: Register]<br>  </system-out>
</testsuite> <!-- co.uk.barclays.testsuite.HomePageTest -->
