<?xml version="1.0" encoding="UTF-8"?>
<!-- Generated by org.testng.reporters.JUnitReportReporter -->
<testsuite skipped="0" hostname="LAPTOP-7HUNRUID" name="co.uk.barclays.testsuite.LoginPageTest" tests="2" failures="0" timestamp="2020-04-19T15:47:39 BST" time="73.684" errors="0">
  <testcase name="verifyThatUserisAbleToNavigatetoLoginInPage" time="34.497" classname="co.uk.barclays.testsuite.LoginPageTest"/>
  <system-out>
Clicking on Login Link [[ChromeDriver: chrome on WINDOWS (85c3bccf0945e0b29da2ac1655d963af)] -> link text: Log In]<br> Displaying Login Page Text [[ChromeDriver: chrome on WINDOWS (85c3bccf0945e0b29da2ac1655d963af)] -> xpath: //strong[contains(text(),'Quick, safe and convenient')]]<br> Displaying Login Page Text [[ChromeDriver: chrome on WINDOWS (85c3bccf0945e0b29da2ac1655d963af)] -> xpath: //strong[contains(text(),'Quick, safe and convenient')]]<br>  </system-out>
  <testcase name="verifyThatUserisAbleToNavigatetoRegisterPageThruLoginInPage" time="39.187" classname="co.uk.barclays.testsuite.LoginPageTest"/>
  <system-out>
Clicking on Login Link [[ChromeDriver: chrome on WINDOWS (63ccf7ef6941f189efa69f4b3b59e1bd)] -> link text: Log In]<br> Clicking on Register Link  [[ChromeDriver: chrome on WINDOWS (63ccf7ef6941f189efa69f4b3b59e1bd)] -> link text: Register now]<br> Displaying Register Page Text [[ChromeDriver: chrome on WINDOWS (63ccf7ef6941f189efa69f4b3b59e1bd)] -> xpath: //h2[@class='h2 jumbo-title']]<br> Displaying Register Page Text [[ChromeDriver: chrome on WINDOWS (63ccf7ef6941f189efa69f4b3b59e1bd)] -> xpath: //h2[@class='h2 jumbo-title']]<br>  </system-out>
</testsuite> <!-- co.uk.barclays.testsuite.LoginPageTest -->
