<?xml version="1.0" encoding="UTF-8"?>
<!-- Generated by org.testng.reporters.JUnitReportReporter -->
<testsuite skipped="0" hostname="LAPTOP-7HUNRUID" name="co.uk.barclays.AppTest" tests="1" failures="0" timestamp="2020-04-19T15:47:40 BST" time="0.000" errors="0">
  <testcase name="shouldAnswerWithTrue" time="0.000" classname="co.uk.barclays.AppTest"/>
  <system-out/>
</testsuite> <!-- co.uk.barclays.AppTest -->
